<?xml version="1.0" encoding="UTF-8"?>

<mule xmlns:sfdc="http://www.mulesoft.org/schema/mule/sfdc" xmlns:db="http://www.mulesoft.org/schema/mule/db" xmlns:batch="http://www.mulesoft.org/schema/mule/batch"
	xmlns="http://www.mulesoft.org/schema/mule/core" xmlns:doc="http://www.mulesoft.org/schema/mule/documentation" xmlns:spring="http://www.springframework.org/schema/beans" version="EE-3.5.2" xmlns:xsi="http://www.w3.org/2001/XMLSchema-instance" xsi:schemaLocation="http://www.mulesoft.org/schema/mule/batch http://www.mulesoft.org/schema/mule/batch/current/mule-batch.xsd
http://www.springframework.org/schema/beans http://www.springframework.org/schema/beans/spring-beans-current.xsd
http://www.mulesoft.org/schema/mule/core http://www.mulesoft.org/schema/mule/core/current/mule.xsd
http://www.mulesoft.org/schema/mule/db http://www.mulesoft.org/schema/mule/db/current/mule-db.xsd
http://www.mulesoft.org/schema/mule/sfdc http://www.mulesoft.org/schema/mule/sfdc/current/mule-sfdc.xsd">

    <sub-flow name="insertAccountDB" doc:name="insertAccountDB">
        <db:insert config-ref="GenericDatabaseConnector" doc:name="Database">
            <db:dynamic-query><![CDATA[INSERT INTO Account (accountNumber, phone, name, numberOfEmployees, lastmodifieddate, industry) VALUES ('#[payload.AccountNumber]', '#[payload.Phone]', '#[payload.Name]', '#[payload.NumberOfEmployees]', '#[payload.LastModifiedDate]', '#[payload.Industry]')]]></db:dynamic-query>

        </db:insert>
    </sub-flow>
    <sub-flow name="deleteAccountFromDB" doc:name="deleteAccountFromDB">
        <db:delete config-ref="GenericDatabaseConnector" doc:name="Database">
            <db:parameterized-query><![CDATA[delete from Account where Name = #[payload.Name]]]></db:parameterized-query>

        </db:delete>
    </sub-flow>    
    <sub-flow name="selectAccountFromSalesforce" doc:name="selectAccountFromSalesforce">
        <sfdc:query-single config-ref="Salesforce" query="SELECT Id, AccountNumber, Phone, Name, NumberOfEmployees,Industry FROM Account WHERE Name = '#[payload.Name]'" doc:name="Salesforce"/>
    </sub-flow>

	<sub-flow name="deleteAccountFromSalesforce" doc:name="deleteAccountFromSalesforce">
		<sfdc:delete config-ref="Salesforce" doc:name="Salesforce">
			<sfdc:ids ref="#[payload]" />
		</sfdc:delete>
		<logger level="INFO" message="Remove Account from Salesforce result: #[payload]" doc:name="Logger"/>
	</sub-flow>
</mule>
